<?xml version="1.0" encoding="UTF-8"?>
<!-- Generated by org.testng.reporters.JUnitReportReporter -->
<testsuite hostname="LAPTOP-D0S4EKSF" failures="0" tests="1" name="interViewPracticeQuestions.StringProblems" time="4.783" errors="0" timestamp="2023-01-11T22:39:52 IST" skipped="0">
  <testcase classname="interViewPracticeQuestions.StringProblems" name="reverseString" time="4.783"/>
  <system-out/>
</testsuite> <!-- interViewPracticeQuestions.StringProblems -->
