<?xml version="1.0" encoding="UTF-8"?>
<!-- Generated by org.testng.reporters.JUnitReportReporter -->
<testsuite hostname="LAPTOP-D0S4EKSF" failures="0" tests="1" name="apiTests.UserAPI" time="2.065" errors="0" timestamp="2023-01-24T00:05:12 IST" skipped="0">
  <testcase classname="apiTests.UserAPI" name="createUser" time="2.065"/>
  <system-out/>
</testsuite> <!-- apiTests.UserAPI -->
